2025-08-18 13:53:59 - Starting auto commit process...
2025-08-18 13:54:21 - Starting auto commit process...
2025-08-18 14:00:31 - Starting auto commit process...
2025-08-18 14:00:31 - ERROR: GITHUB_TOKEN environment variable not set
2025-08-18 14:00:38 - Starting auto commit process...
2025-08-18 14:00:38 - ERROR: GITHUB_TOKEN environment variable not set
2025-08-18 14:00:56 - Starting auto commit process...
2025-08-18 14:00:56 - ERROR: GITHUB_TOKEN environment variable not set
2025-08-18 14:01:16 - Starting auto commit process...
2025-08-18 14:04:59 - Starting auto commit process...
2025-08-18 14:07:31 - Starting auto commit process...
2025-08-18 14:07:31 - DEBUG: git add completed (filtered output may be empty)
2025-08-18 14:07:31 - Changes detected. Creating regular commit.
2025-08-18 14:07:31 - Successfully committed changes
To https://github.com/0rnot/MyVoice.git
   fb5d10a..9aed2d1  master -> master
2025-08-18 14:07:32 - Successfully pushed to GitHub
2025-08-18 14:07:32 - Auto commit process completed successfully
2025-08-23 09:00:06 - Starting auto commit process...
2025-08-23 09:00:06 - DEBUG: git add completed (filtered output may be empty)
2025-08-23 09:00:06 - Changes detected. Creating regular commit.
2025-08-23 09:00:06 - Successfully committed changes
To https://github.com/0rnot/MyVoice.git
   9aed2d1..18f9bdd  master -> master
2025-08-23 09:00:08 - Successfully pushed to GitHub
2025-08-23 09:00:08 - Auto commit process completed successfully
2025-08-24 09:00:04 - Starting auto commit process...
2025-08-24 09:00:04 - DEBUG: git add completed (filtered output may be empty)
2025-08-24 09:00:04 - Changes detected. Creating regular commit.
2025-08-24 09:00:04 - Successfully committed changes
To https://github.com/0rnot/MyVoice.git
   18f9bdd..499a4ba  master -> master
2025-08-24 09:00:05 - Successfully pushed to GitHub
2025-08-24 09:00:05 - Auto commit process completed successfully
2025-08-25 09:00:05 - Starting auto commit process...
2025-08-25 09:00:05 - DEBUG: git add completed (filtered output may be empty)
2025-08-25 09:00:05 - Changes detected. Creating regular commit.
2025-08-25 09:00:05 - Successfully committed changes
To https://github.com/0rnot/MyVoice.git
   499a4ba..36369d4  master -> master
2025-08-25 09:00:06 - Successfully pushed to GitHub
2025-08-25 09:00:06 - Auto commit process completed successfully
2025-08-26 09:00:06 - Starting auto commit process...
2025-08-26 09:00:06 - DEBUG: git add completed (filtered output may be empty)
2025-08-26 09:00:06 - Changes detected. Creating regular commit.
2025-08-26 09:00:06 - Successfully committed changes
To https://github.com/0rnot/MyVoice.git
   36369d4..9b7592f  master -> master
2025-08-26 09:00:07 - Successfully pushed to GitHub
2025-08-26 09:00:07 - Auto commit process completed successfully
2025-08-27 09:00:04 - Starting auto commit process...
2025-08-27 09:00:04 - DEBUG: git add completed (filtered output may be empty)
2025-08-27 09:00:04 - Changes detected. Creating regular commit.
2025-08-27 09:00:04 - Successfully committed changes
To https://github.com/0rnot/MyVoice.git
   9b7592f..7537ef2  master -> master
2025-08-27 09:00:05 - Successfully pushed to GitHub
2025-08-27 09:00:05 - Auto commit process completed successfully
2025-08-28 09:00:04 - Starting auto commit process...
2025-08-28 09:00:04 - DEBUG: git add completed (filtered output may be empty)
2025-08-28 09:00:04 - Changes detected. Creating regular commit.
2025-08-28 09:00:04 - Successfully committed changes
To https://github.com/0rnot/MyVoice.git
   7537ef2..27b56e7  master -> master
2025-08-28 09:00:05 - Successfully pushed to GitHub
2025-08-28 09:00:05 - Auto commit process completed successfully
2025-08-29 09:00:05 - Starting auto commit process...
